# JRE version: OpenJDK Runtime Environment (8.0_152-b02) (build 1.8.0_152-release-1024-b02)
# Java VM: OpenJDK 64-Bit Server VM (25.152-b02 mixed mode windows-amd64 compressed oops)
Heap:
 PSYoungGen      total 115200K, used 30910K [0x00000000e0000000, 0x00000000e8d80000, 0x0000000100000000)
  eden space 106496K, 29% used [0x00000000e0000000,0x00000000e1e2f888,0x00000000e6800000)
  from space 8704K, 0% used [0x00000000e7c80000,0x00000000e7c80000,0x00000000e8500000)
  to   space 7680K, 0% used [0x00000000e8600000,0x00000000e8600000,0x00000000e8d80000)
 ParOldGen       total 33280K, used 19283K [0x00000000a0000000, 0x00000000a2080000, 0x00000000e0000000)
  object space 33280K, 57% used [0x00000000a0000000,0x00000000a12d4d38,0x00000000a2080000)
 Metaspace       used 36533K, capacity 37180K, committed 37464K, reserved 1081344K
  class space    used 4993K, capacity 5206K, committed 5248K, reserved 1048576K
GC Heap History (10 events):
Event: 34.646 GC heap before
{Heap before GC invocations=7 (full 0):
 PSYoungGen      total 71168K, used 22227K [0x00000000e0000000, 0x00000000e4f00000, 0x0000000100000000)
  eden space 64512K, 24% used [0x00000000e0000000,0x00000000e0f3be50,0x00000000e3f00000)
  from space 6656K, 99% used [0x00000000e4680000,0x00000000e4cf8e98,0x00000000e4d00000)
  to   space 7680K, 0% used [0x00000000e3f00000,0x00000000e3f00000,0x00000000e4680000)
 ParOldGen       total 44032K, used 6414K [0x00000000a0000000, 0x00000000a2b00000, 0x00000000e0000000)
  object space 44032K, 14% used [0x00000000a0000000,0x00000000a0643848,0x00000000a2b00000)
 Metaspace       used 20841K, capacity 21200K, committed 21248K, reserved 1067008K
  class space    used 2905K, capacity 3038K, committed 3072K, reserved 1048576K
Event: 34.662 GC heap after
Heap after GC invocations=7 (full 0):
 PSYoungGen      total 72192K, used 5802K [0x00000000e0000000, 0x00000000e8e00000, 0x0000000100000000)
  eden space 64512K, 0% used [0x00000000e0000000,0x00000000e0000000,0x00000000e3f00000)
  from space 7680K, 75% used [0x00000000e3f00000,0x00000000e44aa9e0,0x00000000e4680000)
  to   space 8192K, 0% used [0x00000000e8600000,0x00000000e8600000,0x00000000e8e00000)
 ParOldGen       total 44032K, used 7190K [0x00000000a0000000, 0x00000000a2b00000, 0x00000000e0000000)
  object space 44032K, 16% used [0x00000000a0000000,0x00000000a0705888,0x00000000a2b00000)
 Metaspace       used 20841K, capacity 21200K, committed 21248K, reserved 1067008K
  class space    used 2905K, capacity 3038K, committed 3072K, reserved 1048576K
}
Event: 34.662 GC heap before
{Heap before GC invocations=8 (full 1):
 PSYoungGen      total 72192K, used 5802K [0x00000000e0000000, 0x00000000e8e00000, 0x0000000100000000)
  eden space 64512K, 0% used [0x00000000e0000000,0x00000000e0000000,0x00000000e3f00000)
  from space 7680K, 75% used [0x00000000e3f00000,0x00000000e44aa9e0,0x00000000e4680000)
  to   space 8192K, 0% used [0x00000000e8600000,0x00000000e8600000,0x00000000e8e00000)
 ParOldGen       total 44032K, used 7190K [0x00000000a0000000, 0x00000000a2b00000, 0x00000000e0000000)
  object space 44032K, 16% used [0x00000000a0000000,0x00000000a0705888,0x00000000a2b00000)
 Metaspace       used 20841K, capacity 21200K, committed 21248K, reserved 1067008K
  class space    used 2905K, capacity 3038K, committed 3072K, reserved 1048576K
Event: 34.850 GC heap after
Heap after GC invocations=8 (full 1):
 PSYoungGen      total 72192K, used 0K [0x00000000e0000000, 0x00000000e8e00000, 0x0000000100000000)
  eden space 64512K, 0% used [0x00000000e0000000,0x00000000e0000000,0x00000000e3f00000)
  from space 7680K, 0% used [0x00000000e3f00000,0x00000000e3f00000,0x00000000e4680000)
  to   space 8192K, 0% used [0x00000000e8600000,0x00000000e8600000,0x00000000e8e00000)
 ParOldGen       total 33280K, used 8071K [0x00000000a0000000, 0x00000000a2080000, 0x00000000e0000000)
  object space 33280K, 24% used [0x00000000a0000000,0x00000000a07e1ce0,0x00000000a2080000)
 Metaspace       used 20841K, capacity 21200K, committed 21248K, reserved 1067008K
  class space    used 2905K, capacity 3038K, committed 3072K, reserved 1048576K
}
Event: 37.883 GC heap before
{Heap before GC invocations=9 (full 1):
 PSYoungGen      total 72192K, used 64512K [0x00000000e0000000, 0x00000000e8e00000, 0x0000000100000000)
  eden space 64512K, 100% used [0x00000000e0000000,0x00000000e3f00000,0x00000000e3f00000)
  from space 7680K, 0% used [0x00000000e3f00000,0x00000000e3f00000,0x00000000e4680000)
  to   space 8192K, 0% used [0x00000000e8600000,0x00000000e8600000,0x00000000e8e00000)
 ParOldGen       total 33280K, used 8071K [0x00000000a0000000, 0x00000000a2080000, 0x00000000e0000000)
  object space 33280K, 24% used [0x00000000a0000000,0x00000000a07e1ce0,0x00000000a2080000)
 Metaspace       used 26514K, capacity 26986K, committed 27136K, reserved 1073152K
  class space    used 3650K, capacity 3827K, committed 3840K, reserved 1048576K
Event: 37.892 GC heap after
Heap after GC invocations=9 (full 1):
 PSYoungGen      total 114176K, used 7260K [0x00000000e0000000, 0x00000000e8d80000, 0x0000000100000000)
  eden space 106496K, 0% used [0x00000000e0000000,0x00000000e0000000,0x00000000e6800000)
  from space 7680K, 94% used [0x00000000e8600000,0x00000000e8d170b8,0x00000000e8d80000)
  to   space 8704K, 0% used [0x00000000e7c80000,0x00000000e7c80000,0x00000000e8500000)
 ParOldGen       total 33280K, used 8079K [0x00000000a0000000, 0x00000000a2080000, 0x00000000e0000000)
  object space 33280K, 24% used [0x00000000a0000000,0x00000000a07e3ce0,0x00000000a2080000)
 Metaspace       used 26514K, capacity 26986K, committed 27136K, reserved 1073152K
  class space    used 3650K, capacity 3827K, committed 3840K, reserved 1048576K
}
Event: 84.800 GC heap before
{Heap before GC invocations=10 (full 1):
 PSYoungGen      total 114176K, used 97540K [0x00000000e0000000, 0x00000000e8d80000, 0x0000000100000000)
  eden space 106496K, 84% used [0x00000000e0000000,0x00000000e5829fe0,0x00000000e6800000)
  from space 7680K, 94% used [0x00000000e8600000,0x00000000e8d170b8,0x00000000e8d80000)
  to   space 8704K, 0% used [0x00000000e7c80000,0x00000000e7c80000,0x00000000e8500000)
 ParOldGen       total 33280K, used 8079K [0x00000000a0000000, 0x00000000a2080000, 0x00000000e0000000)
  object space 33280K, 24% used [0x00000000a0000000,0x00000000a07e3ce0,0x00000000a2080000)
 Metaspace       used 34709K, capacity 35260K, committed 35416K, reserved 1079296K
  class space    used 4778K, capacity 4972K, committed 4992K, reserved 1048576K
Event: 84.824 GC heap after
Heap after GC invocations=10 (full 1):
 PSYoungGen      total 115200K, used 8674K [0x00000000e0000000, 0x00000000e8d80000, 0x0000000100000000)
  eden space 106496K, 0% used [0x00000000e0000000,0x00000000e0000000,0x00000000e6800000)
  from space 8704K, 99% used [0x00000000e7c80000,0x00000000e84f8bf8,0x00000000e8500000)
  to   space 7680K, 0% used [0x00000000e8600000,0x00000000e8600000,0x00000000e8d80000)
 ParOldGen       total 33280K, used 12381K [0x00000000a0000000, 0x00000000a2080000, 0x00000000e0000000)
  object space 33280K, 37% used [0x00000000a0000000,0x00000000a0c174e0,0x00000000a2080000)
 Metaspace       used 34709K, capacity 35260K, committed 35416K, reserved 1079296K
  class space    used 4778K, capacity 4972K, committed 4992K, reserved 1048576K
}
Event: 84.825 GC heap before
{Heap before GC invocations=11 (full 2):
 PSYoungGen      total 115200K, used 8674K [0x00000000e0000000, 0x00000000e8d80000, 0x0000000100000000)
  eden space 106496K, 0% used [0x00000000e0000000,0x00000000e0000000,0x00000000e6800000)
  from space 8704K, 99% used [0x00000000e7c80000,0x00000000e84f8bf8,0x00000000e8500000)
  to   space 7680K, 0% used [0x00000000e8600000,0x00000000e8600000,0x00000000e8d80000)
 ParOldGen       total 33280K, used 12381K [0x00000000a0000000, 0x00000000a2080000, 0x00000000e0000000)
  object space 33280K, 37% used [0x00000000a0000000,0x00000000a0c174e0,0x00000000a2080000)
 Metaspace       used 34709K, capacity 35260K, committed 35416K, reserved 1079296K
  class space    used 4778K, capacity 4972K, committed 4992K, reserved 1048576K
Event: 84.904 GC heap after
Heap after GC invocations=11 (full 2):
 PSYoungGen      total 115200K, used 0K [0x00000000e0000000, 0x00000000e8d80000, 0x0000000100000000)
  eden space 106496K, 0% used [0x00000000e0000000,0x00000000e0000000,0x00000000e6800000)
  from space 8704K, 0% used [0x00000000e7c80000,0x00000000e7c80000,0x00000000e8500000)
  to   space 7680K, 0% used [0x00000000e8600000,0x00000000e8600000,0x00000000e8d80000)
 ParOldGen       total 33280K, used 19283K [0x00000000a0000000, 0x00000000a2080000, 0x00000000e0000000)
  object space 33280K, 57% used [0x00000000a0000000,0x00000000a12d4d38,0x00000000a2080000)
 Metaspace       used 34709K, capacity 35260K, committed 35416K, reserved 1079296K
  class space    used 4778K, capacity 4972K, committed 4992K, reserved 1048576K
}

